<?xml version="1.0" encoding="UTF-8"?>
<testng-results ignored="0" total="1" passed="1" failed="0" skipped="0">
  <reporter-output>
  </reporter-output>
  <suite started-at="2023-05-02T11:15:15 EDT" name="Surefire suite" finished-at="2023-05-02T11:15:24 EDT" duration-ms="8689">
    <groups>
    </groups>
    <test started-at="2023-05-02T11:15:15 EDT" name="Surefire test" finished-at="2023-05-02T11:15:24 EDT" duration-ms="8689">
      <class name="com.herokuapp.theinternet.PositiveTests">
        <test-method signature="loginTest()[pri:0, instance:com.herokuapp.theinternet.PositiveTests@23529fee]" started-at="2023-05-02T11:15:15 EDT" name="loginTest" finished-at="2023-05-02T11:15:24 EDT" duration-ms="8627" status="PASS">
          <reporter-output>
          </reporter-output>
        </test-method> <!-- loginTest -->
      </class> <!-- com.herokuapp.theinternet.PositiveTests -->
    </test> <!-- Surefire test -->
  </suite> <!-- Surefire suite -->
</testng-results>
