<?xml version="1.0" encoding="UTF-8"?>
<testng-results ignored="0" total="1" passed="1" failed="0" skipped="0">
  <reporter-output>
  </reporter-output>
  <suite started-at="2020-05-18T11:34:41 EDT" name="Default suite" finished-at="2020-05-18T11:34:58 EDT" duration-ms="16562">
    <groups>
    </groups>
    <test started-at="2020-05-18T11:34:41 EDT" name="Default test" finished-at="2020-05-18T11:34:58 EDT" duration-ms="16562">
      <class name="com.herokuapp.internet.NegativeTests">
        <test-method signature="negativeUsernameTest()[pri:0, instance:com.herokuapp.internet.NegativeTests@6f45df59]" started-at="2020-05-18T11:34:41 EDT" name="negativeUsernameTest" finished-at="2020-05-18T11:34:58 EDT" duration-ms="16459" status="PASS">
          <reporter-output>
          </reporter-output>
        </test-method> <!-- negativeUsernameTest -->
      </class> <!-- com.herokuapp.internet.NegativeTests -->
    </test> <!-- Default test -->
  </suite> <!-- Default suite -->
</testng-results>
