<?xml version="1.0" encoding="UTF-8"?>
<testng-results ignored="0" total="2" passed="2" failed="0" skipped="0">
  <reporter-output>
  </reporter-output>
  <suite started-at="2020-05-19T00:57:39 EDT" name="NegativeTestsSuite" finished-at="2020-05-19T00:58:03 EDT" duration-ms="24056">
    <groups>
    </groups>
    <test started-at="2020-05-19T00:57:39 EDT" name="NegativeUsernameTests" finished-at="2020-05-19T00:57:51 EDT" duration-ms="12548">
      <class name="com.herokuapp.internet.NegativeTests">
        <test-method signature="negativeLoginTest(java.lang.String, java.lang.String, java.lang.String)[pri:1, instance:com.herokuapp.internet.NegativeTests@31f9b85e]" started-at="2020-05-19T00:57:39 EDT" name="negativeLoginTest" finished-at="2020-05-19T00:57:51 EDT" duration-ms="12492" status="PASS">
          <params>
            <param index="0">
              <value>
                <![CDATA[incorrectUsername]]>
              </value>
            </param>
            <param index="1">
              <value>
                <![CDATA[SuperSecretPassword!]]>
              </value>
            </param>
            <param index="2">
              <value>
                <![CDATA[Your username is invalid!]]>
              </value>
            </param>
          </params>
          <reporter-output>
          </reporter-output>
        </test-method> <!-- negativeLoginTest -->
      </class> <!-- com.herokuapp.internet.NegativeTests -->
    </test> <!-- NegativeUsernameTests -->
    <test started-at="2020-05-19T00:57:52 EDT" name="NegativePasswordTests" finished-at="2020-05-19T00:58:03 EDT" duration-ms="11429">
      <class name="com.herokuapp.internet.NegativeTests">
        <test-method signature="negativeLoginTest(java.lang.String, java.lang.String, java.lang.String)[pri:1, instance:com.herokuapp.internet.NegativeTests@7748410a]" started-at="2020-05-19T00:57:52 EDT" name="negativeLoginTest" finished-at="2020-05-19T00:58:03 EDT" duration-ms="11426" status="PASS">
          <params>
            <param index="0">
              <value>
                <![CDATA[tomsmith]]>
              </value>
            </param>
            <param index="1">
              <value>
                <![CDATA[incorrectPassword]]>
              </value>
            </param>
            <param index="2">
              <value>
                <![CDATA[Your password is invalid!]]>
              </value>
            </param>
          </params>
          <reporter-output>
          </reporter-output>
        </test-method> <!-- negativeLoginTest -->
      </class> <!-- com.herokuapp.internet.NegativeTests -->
    </test> <!-- NegativePasswordTests -->
  </suite> <!-- NegativeTestsSuite -->
</testng-results>
