<?xml version="1.0" encoding="UTF-8"?>
<!-- Generated by org.testng.reporters.JUnitXMLReporter -->
<testsuite ignored="1" hostname="USNRC-L24430" failures="0" tests="1" name="PositiveTests" time="17.324" errors="0" timestamp="2020-05-19T23:49:37 EDT">
  <testcase classname="com.herokuapp.internet.LoginTests" name="positiveLoginTest" time="17.171"/>
  <testcase classname="com.herokuapp.internet.LoginTests" name="negativeLoginTest" time="0.0">
    <ignored/>
  </testcase> <!-- negativeLoginTest -->
</testsuite> <!-- PositiveTests -->
