<?xml version="1.0" encoding="UTF-8"?>
<!-- Generated by org.testng.reporters.JUnitReportReporter -->
<testsuite hostname="USNRC-L24430" failures="0" tests="3" name="com.herokuapp.internet.LoginTests" time="43.898" errors="0" timestamp="2020-05-19T23:50:04 EDT" skipped="0">
  <testcase classname="com.herokuapp.internet.LoginTests" name="positiveLoginTest" time="17.171"/>
  <system-out/>
  <testcase classname="com.herokuapp.internet.LoginTests" name="negativeLoginTest" time="12.700"/>
  <system-out/>
  <testcase classname="com.herokuapp.internet.LoginTests" name="negativeLoginTest" time="14.027"/>
  <system-out/>
</testsuite> <!-- com.herokuapp.internet.LoginTests -->
