<?xml version="1.0" encoding="UTF-8"?>
<!-- Generated by org.testng.reporters.JUnitReportReporter -->
<testsuite hostname="USNRC-L24430" failures="0" tests="2" name="com.herokuapp.internet.NegativeTests" time="35.129" errors="0" timestamp="2020-05-18T23:37:59 EDT" skipped="0">
  <testcase classname="com.herokuapp.internet.NegativeTests" name="incorrectPasswordTest" time="15.965"/>
  <system-out/>
  <testcase classname="com.herokuapp.internet.NegativeTests" name="incorrectUsernameTest" time="19.164"/>
  <system-out/>
</testsuite> <!-- com.herokuapp.internet.NegativeTests -->
