<?xml version="1.0" encoding="UTF-8"?>
<!-- Generated by org.testng.reporters.JUnitXMLReporter -->
<testsuite ignored="0" hostname="USNRC-L24430" failures="0" tests="2" name="NegativeTests" time="35.139" errors="0" timestamp="2020-05-18T23:37:59 EDT">
  <testcase classname="com.herokuapp.internet.NegativeTests" name="incorrectPasswordTest" time="15.965"/>
  <testcase classname="com.herokuapp.internet.NegativeTests" name="incorrectUsernameTest" time="19.164"/>
</testsuite> <!-- NegativeTests -->
